<?xml version="1.0" encoding="UTF-8"?>
<testsuites>
	<testsuite tests="5" errors="0" failures="3" time="0.013" timestamp="2018-07-13T21:28:18">
		<testcase classname="Selectors" name="#h1Selector should select all h1&amp;apos;s" time="0.005">
		</testcase>
		<testcase classname="Selectors" name="#liInOlSelector should select all li elements nested in ol&amp;apos;s" time="0.002">
		</testcase>
		<testcase classname="Selectors" name="#linkSelector should select all links that are inside of the element with an id of box4 and a class of box5." time="0.003">
			<failure type="toBe" message="Expected 0 to be 1.">
stack@file:///home/jenrose24/kwk-l2-jquery-selectors-lab-kwk-students-l2-la-070918/tmpTestSupport/jasmine.js:1293:37
buildExpectationResult@file:///home/jenrose24/kwk-l2-jquery-selectors-lab-kwk-students-l2-la-070918/tmpTestSupport/jasmine.js:1270:19
expectationResultFactory@file:///home/jenrose24/kwk-l2-jquery-selectors-lab-kwk-students-l2-la-070918/tmpTestSupport/jasmine.js:484:40
addExpectationResult@file:///home/jenrose24/kwk-l2-jquery-selectors-lab-kwk-students-l2-la-070918/tmpTestSupport/jasmine.js:260:70
addExpectationResult@file:///home/jenrose24/kwk-l2-jquery-selectors-lab-kwk-students-l2-la-070918/tmpTestSupport/jasmine.js:442:41
file:///home/jenrose24/kwk-l2-jquery-selectors-lab-kwk-students-l2-la-070918/tmpTestSupport/jasmine.js:1209:32
file:///home/jenrose24/kwk-l2-jquery-selectors-lab-kwk-students-l2-la-070918/spec/selectors_spec.js:21:39
attemptSync@file:///home/jenrose24/kwk-l2-jquery-selectors-lab-kwk-students-l2-la-070918/tmpTestSupport/jasmine.js:1510:16
run@file:///home/jenrose24/kwk-l2-jquery-selectors-lab-kwk-students-l2-la-070918/tmpTestSupport/jasmine.js:1498:20
execute@file:///home/jenrose24/kwk-l2-jquery-selectors-lab-kwk-students-l2-la-070918/tmpTestSupport/jasmine.js:1485:13
queueRunnerFactory@file:///home/jenrose24/kwk-l2-jquery-selectors-lab-kwk-students-l2-la-070918/tmpTestSupport/jasmine.js:518:42
execute@file:///home/jenrose24/kwk-l2-jquery-selectors-lab-kwk-students-l2-la-070918/tmpTestSupport/jasmine.js:306:28
file:///home/jenrose24/kwk-l2-jquery-selectors-lab-kwk-students-l2-la-070918/tmpTestSupport/jasmine.js:1708:44
attemptAsync@file:///home/jenrose24/kwk-l2-jquery-selectors-lab-kwk-students-l2-la-070918/tmpTestSupport/jasmine.js:1520:16
run@file:///home/jenrose24/kwk-l2-jquery-selectors-lab-kwk-students-l2-la-070918/tmpTestSupport/jasmine.js:1496:28
next@file:///home/jenrose24/kwk-l2-jquery-selectors-lab-kwk-students-l2-la-070918/tmpTestSupport/jasmine.js:1517:40
complete@file:///home/jenrose24/kwk-l2-jquery-selectors-lab-kwk-students-l2-la-070918/tmpTestSupport/jasmine.js:333:19
clearStack@file:///home/jenrose24/kwk-l2-jquery-selectors-lab-kwk-students-l2-la-070918/tmpTestSupport/jasmine.js:506:11
run@file:///home/jenrose24/kwk-l2-jquery-selectors-lab-kwk-students-l2-la-070918/tmpTestSupport/jasmine.js:1505:22
execute@file:///home/jenrose24/kwk-l2-jquery-selectors-lab-kwk-students-l2-la-070918/tmpTestSupport/jasmine.js:1485:13
queueRunnerFactory@file:///home/jenrose24/kwk-l2-jquery-selectors-lab-kwk-students-l2-la-070918/tmpTestSupport/jasmine.js:518:42
execute@file:///home/jenrose24/kwk-l2-jquery-selectors-lab-kwk-students-l2-la-070918/tmpTestSupport/jasmine.js:306:28
file:///home/jenrose24/kwk-l2-jquery-selectors-lab-kwk-students-l2-la-070918/tmpTestSupport/jasmine.js:1708:44
attemptAsync@file:///home/jenrose24/kwk-l2-jquery-selectors-lab-kwk-students-l2-la-070918/tmpTestSupport/jasmine.js:1520:16
run@file:///home/jenrose24/kwk-l2-jquery-selectors-lab-kwk-students-l2-la-070918/tmpTestSupport/jasmine.js:1496:28
next@file:///home/jenrose24/kwk-l2-jquery-selectors-lab-kwk-students-l2-la-070918/tmpTestSupport/jasmine.js:1517:40
complete@file:///home/jenrose24/kwk-l2-jquery-selectors-lab-kwk-students-l2-la-070918/tmpTestSupport/jasmine.js:333:19
clearStack@file:///home/jenrose24/kwk-l2-jquery-selectors-lab-kwk-students-l2-la-070918/tmpTestSupport/jasmine.js:506:11
run@file:///home/jenrose24/kwk-l2-jquery-selectors-lab-kwk-students-l2-la-070918/tmpTestSupport/jasmine.js:1505:22
execute@file:///home/jenrose24/kwk-l2-jquery-selectors-lab-kwk-students-l2-la-070918/tmpTestSupport/jasmine.js:1485:13
queueRunnerFactory@file:///home/jenrose24/kwk-l2-jquery-selectors-lab-kwk-students-l2-la-070918/tmpTestSupport/jasmine.js:518:42
execute@file:///home/jenrose24/kwk-l2-jquery-selectors-lab-kwk-students-l2-la-070918/tmpTestSupport/jasmine.js:306:28
file:///home/jenrose24/kwk-l2-jquery-selectors-lab-kwk-students-l2-la-070918/tmpTestSupport/jasmine.js:1708:44
attemptAsync@file:///home/jenrose24/kwk-l2-jquery-selectors-lab-kwk-students-l2-la-070918/tmpTestSupport/jasmine.js:1520:16
run@file:///home/jenrose24/kwk-l2-jquery-selectors-lab-kwk-students-l2-la-070918/tmpTestSupport/jasmine.js:1496:28
execute@file:///home/jenrose24/kwk-l2-jquery-selectors-lab-kwk-students-l2-la-070918/tmpTestSupport/jasmine.js:1485:13
queueRunnerFactory@file:///home/jenrose24/kwk-l2-jquery-selectors-lab-kwk-students-l2-la-070918/tmpTestSupport/jasmine.js:518:42
execute@file:///home/jenrose24/kwk-l2-jquery-selectors-lab-kwk-students-l2-la-070918/tmpTestSupport/jasmine.js:1694:21
file:///home/jenrose24/kwk-l2-jquery-selectors-lab-kwk-students-l2-la-070918/tmpTestSupport/jasmine.js:1708:44
attemptAsync@file:///home/jenrose24/kwk-l2-jquery-selectors-lab-kwk-students-l2-la-070918/tmpTestSupport/jasmine.js:1520:16
run@file:///home/jenrose24/kwk-l2-jquery-selectors-lab-kwk-students-l2-la-070918/tmpTestSupport/jasmine.js:1496:28
execute@file:///home/jenrose24/kwk-l2-jquery-selectors-lab-kwk-students-l2-la-070918/tmpTestSupport/jasmine.js:1485:13
queueRunnerFactory@file:///home/jenrose24/kwk-l2-jquery-selectors-lab-kwk-students-l2-la-070918/tmpTestSupport/jasmine.js:518:42
execute@file:///home/jenrose24/kwk-l2-jquery-selectors-lab-kwk-students-l2-la-070918/tmpTestSupport/jasmine.js:1694:21
file:///home/jenrose24/kwk-l2-jquery-selectors-lab-kwk-students-l2-la-070918/tmpTestSupport/jasmine.js:541:83
attemptAsync@file:///home/jenrose24/kwk-l2-jquery-selectors-lab-kwk-students-l2-la-070918/tmpTestSupport/jasmine.js:1520:16
run@file:///home/jenrose24/kwk-l2-jquery-selectors-lab-kwk-students-l2-la-070918/tmpTestSupport/jasmine.js:1496:28
execute@file:///home/jenrose24/kwk-l2-jquery-selectors-lab-kwk-students-l2-la-070918/tmpTestSupport/jasmine.js:1485:13
queueRunnerFactory@file:///home/jenrose24/kwk-l2-jquery-selectors-lab-kwk-students-l2-la-070918/tmpTestSupport/jasmine.js:518:42
execute@file:///home/jenrose24/kwk-l2-jquery-selectors-lab-kwk-students-l2-la-070918/tmpTestSupport/jasmine.js:548:25
onload@file:///home/jenrose24/kwk-l2-jquery-selectors-lab-kwk-students-l2-la-070918/tmpTestSupport/boot.js:172:16			</failure>
			<failure type="" message="TypeError: undefined is not an object (evaluating &amp;apos;linkSelector()[0].innerHTML&amp;apos;) in file:///home/jenrose24/kwk-l2-jquery-selectors-lab-kwk-students-l2-la-070918/spec/selectors_spec.js (line 22)">
file:///home/jenrose24/kwk-l2-jquery-selectors-lab-kwk-students-l2-la-070918/spec/selectors_spec.js:22:29
attemptSync@file:///home/jenrose24/kwk-l2-jquery-selectors-lab-kwk-students-l2-la-070918/tmpTestSupport/jasmine.js:1510:16
run@file:///home/jenrose24/kwk-l2-jquery-selectors-lab-kwk-students-l2-la-070918/tmpTestSupport/jasmine.js:1498:20
execute@file:///home/jenrose24/kwk-l2-jquery-selectors-lab-kwk-students-l2-la-070918/tmpTestSupport/jasmine.js:1485:13
queueRunnerFactory@file:///home/jenrose24/kwk-l2-jquery-selectors-lab-kwk-students-l2-la-070918/tmpTestSupport/jasmine.js:518:42
execute@file:///home/jenrose24/kwk-l2-jquery-selectors-lab-kwk-students-l2-la-070918/tmpTestSupport/jasmine.js:306:28
file:///home/jenrose24/kwk-l2-jquery-selectors-lab-kwk-students-l2-la-070918/tmpTestSupport/jasmine.js:1708:44
attemptAsync@file:///home/jenrose24/kwk-l2-jquery-selectors-lab-kwk-students-l2-la-070918/tmpTestSupport/jasmine.js:1520:16
run@file:///home/jenrose24/kwk-l2-jquery-selectors-lab-kwk-students-l2-la-070918/tmpTestSupport/jasmine.js:1496:28
next@file:///home/jenrose24/kwk-l2-jquery-selectors-lab-kwk-students-l2-la-070918/tmpTestSupport/jasmine.js:1517:40
complete@file:///home/jenrose24/kwk-l2-jquery-selectors-lab-kwk-students-l2-la-070918/tmpTestSupport/jasmine.js:333:19
clearStack@file:///home/jenrose24/kwk-l2-jquery-selectors-lab-kwk-students-l2-la-070918/tmpTestSupport/jasmine.js:506:11
run@file:///home/jenrose24/kwk-l2-jquery-selectors-lab-kwk-students-l2-la-070918/tmpTestSupport/jasmine.js:1505:22
execute@file:///home/jenrose24/kwk-l2-jquery-selectors-lab-kwk-students-l2-la-070918/tmpTestSupport/jasmine.js:1485:13
queueRunnerFactory@file:///home/jenrose24/kwk-l2-jquery-selectors-lab-kwk-students-l2-la-070918/tmpTestSupport/jasmine.js:518:42
execute@file:///home/jenrose24/kwk-l2-jquery-selectors-lab-kwk-students-l2-la-070918/tmpTestSupport/jasmine.js:306:28
file:///home/jenrose24/kwk-l2-jquery-selectors-lab-kwk-students-l2-la-070918/tmpTestSupport/jasmine.js:1708:44
attemptAsync@file:///home/jenrose24/kwk-l2-jquery-selectors-lab-kwk-students-l2-la-070918/tmpTestSupport/jasmine.js:1520:16
run@file:///home/jenrose24/kwk-l2-jquery-selectors-lab-kwk-students-l2-la-070918/tmpTestSupport/jasmine.js:1496:28
next@file:///home/jenrose24/kwk-l2-jquery-selectors-lab-kwk-students-l2-la-070918/tmpTestSupport/jasmine.js:1517:40
complete@file:///home/jenrose24/kwk-l2-jquery-selectors-lab-kwk-students-l2-la-070918/tmpTestSupport/jasmine.js:333:19
clearStack@file:///home/jenrose24/kwk-l2-jquery-selectors-lab-kwk-students-l2-la-070918/tmpTestSupport/jasmine.js:506:11
run@file:///home/jenrose24/kwk-l2-jquery-selectors-lab-kwk-students-l2-la-070918/tmpTestSupport/jasmine.js:1505:22
execute@file:///home/jenrose24/kwk-l2-jquery-selectors-lab-kwk-students-l2-la-070918/tmpTestSupport/jasmine.js:1485:13
queueRunnerFactory@file:///home/jenrose24/kwk-l2-jquery-selectors-lab-kwk-students-l2-la-070918/tmpTestSupport/jasmine.js:518:42
execute@file:///home/jenrose24/kwk-l2-jquery-selectors-lab-kwk-students-l2-la-070918/tmpTestSupport/jasmine.js:306:28
file:///home/jenrose24/kwk-l2-jquery-selectors-lab-kwk-students-l2-la-070918/tmpTestSupport/jasmine.js:1708:44
attemptAsync@file:///home/jenrose24/kwk-l2-jquery-selectors-lab-kwk-students-l2-la-070918/tmpTestSupport/jasmine.js:1520:16
run@file:///home/jenrose24/kwk-l2-jquery-selectors-lab-kwk-students-l2-la-070918/tmpTestSupport/jasmine.js:1496:28
execute@file:///home/jenrose24/kwk-l2-jquery-selectors-lab-kwk-students-l2-la-070918/tmpTestSupport/jasmine.js:1485:13
queueRunnerFactory@file:///home/jenrose24/kwk-l2-jquery-selectors-lab-kwk-students-l2-la-070918/tmpTestSupport/jasmine.js:518:42
execute@file:///home/jenrose24/kwk-l2-jquery-selectors-lab-kwk-students-l2-la-070918/tmpTestSupport/jasmine.js:1694:21
file:///home/jenrose24/kwk-l2-jquery-selectors-lab-kwk-students-l2-la-070918/tmpTestSupport/jasmine.js:1708:44
attemptAsync@file:///home/jenrose24/kwk-l2-jquery-selectors-lab-kwk-students-l2-la-070918/tmpTestSupport/jasmine.js:1520:16
run@file:///home/jenrose24/kwk-l2-jquery-selectors-lab-kwk-students-l2-la-070918/tmpTestSupport/jasmine.js:1496:28
execute@file:///home/jenrose24/kwk-l2-jquery-selectors-lab-kwk-students-l2-la-070918/tmpTestSupport/jasmine.js:1485:13
queueRunnerFactory@file:///home/jenrose24/kwk-l2-jquery-selectors-lab-kwk-students-l2-la-070918/tmpTestSupport/jasmine.js:518:42
execute@file:///home/jenrose24/kwk-l2-jquery-selectors-lab-kwk-students-l2-la-070918/tmpTestSupport/jasmine.js:1694:21
file:///home/jenrose24/kwk-l2-jquery-selectors-lab-kwk-students-l2-la-070918/tmpTestSupport/jasmine.js:541:83
attemptAsync@file:///home/jenrose24/kwk-l2-jquery-selectors-lab-kwk-students-l2-la-070918/tmpTestSupport/jasmine.js:1520:16
run@file:///home/jenrose24/kwk-l2-jquery-selectors-lab-kwk-students-l2-la-070918/tmpTestSupport/jasmine.js:1496:28
execute@file:///home/jenrose24/kwk-l2-jquery-selectors-lab-kwk-students-l2-la-070918/tmpTestSupport/jasmine.js:1485:13
queueRunnerFactory@file:///home/jenrose24/kwk-l2-jquery-selectors-lab-kwk-students-l2-la-070918/tmpTestSupport/jasmine.js:518:42
execute@file:///home/jenrose24/kwk-l2-jquery-selectors-lab-kwk-students-l2-la-070918/tmpTestSupport/jasmine.js:548:25
onload@file:///home/jenrose24/kwk-l2-jquery-selectors-lab-kwk-students-l2-la-070918/tmpTestSupport/boot.js:172:16			</failure>
		</testcase>
		<testcase classname="Selectors" name="#imageSelector should an image that has the alt text equal to &amp;quot;cat sleeping&amp;quot;" time="0.001">
			<failure type="" message="ReferenceError: Can&amp;apos;t find variable: imageSelector in file:///home/jenrose24/kwk-l2-jquery-selectors-lab-kwk-students-l2-la-070918/spec/selectors_spec.js (line 26)">
file:///home/jenrose24/kwk-l2-jquery-selectors-lab-kwk-students-l2-la-070918/spec/selectors_spec.js:26:25
attemptSync@file:///home/jenrose24/kwk-l2-jquery-selectors-lab-kwk-students-l2-la-070918/tmpTestSupport/jasmine.js:1510:16
run@file:///home/jenrose24/kwk-l2-jquery-selectors-lab-kwk-students-l2-la-070918/tmpTestSupport/jasmine.js:1498:20
execute@file:///home/jenrose24/kwk-l2-jquery-selectors-lab-kwk-students-l2-la-070918/tmpTestSupport/jasmine.js:1485:13
queueRunnerFactory@file:///home/jenrose24/kwk-l2-jquery-selectors-lab-kwk-students-l2-la-070918/tmpTestSupport/jasmine.js:518:42
execute@file:///home/jenrose24/kwk-l2-jquery-selectors-lab-kwk-students-l2-la-070918/tmpTestSupport/jasmine.js:306:28
file:///home/jenrose24/kwk-l2-jquery-selectors-lab-kwk-students-l2-la-070918/tmpTestSupport/jasmine.js:1708:44
attemptAsync@file:///home/jenrose24/kwk-l2-jquery-selectors-lab-kwk-students-l2-la-070918/tmpTestSupport/jasmine.js:1520:16
run@file:///home/jenrose24/kwk-l2-jquery-selectors-lab-kwk-students-l2-la-070918/tmpTestSupport/jasmine.js:1496:28
next@file:///home/jenrose24/kwk-l2-jquery-selectors-lab-kwk-students-l2-la-070918/tmpTestSupport/jasmine.js:1517:40
complete@file:///home/jenrose24/kwk-l2-jquery-selectors-lab-kwk-students-l2-la-070918/tmpTestSupport/jasmine.js:333:19
clearStack@file:///home/jenrose24/kwk-l2-jquery-selectors-lab-kwk-students-l2-la-070918/tmpTestSupport/jasmine.js:506:11
run@file:///home/jenrose24/kwk-l2-jquery-selectors-lab-kwk-students-l2-la-070918/tmpTestSupport/jasmine.js:1505:22
execute@file:///home/jenrose24/kwk-l2-jquery-selectors-lab-kwk-students-l2-la-070918/tmpTestSupport/jasmine.js:1485:13
queueRunnerFactory@file:///home/jenrose24/kwk-l2-jquery-selectors-lab-kwk-students-l2-la-070918/tmpTestSupport/jasmine.js:518:42
execute@file:///home/jenrose24/kwk-l2-jquery-selectors-lab-kwk-students-l2-la-070918/tmpTestSupport/jasmine.js:306:28
file:///home/jenrose24/kwk-l2-jquery-selectors-lab-kwk-students-l2-la-070918/tmpTestSupport/jasmine.js:1708:44
attemptAsync@file:///home/jenrose24/kwk-l2-jquery-selectors-lab-kwk-students-l2-la-070918/tmpTestSupport/jasmine.js:1520:16
run@file:///home/jenrose24/kwk-l2-jquery-selectors-lab-kwk-students-l2-la-070918/tmpTestSupport/jasmine.js:1496:28
next@file:///home/jenrose24/kwk-l2-jquery-selectors-lab-kwk-students-l2-la-070918/tmpTestSupport/jasmine.js:1517:40
complete@file:///home/jenrose24/kwk-l2-jquery-selectors-lab-kwk-students-l2-la-070918/tmpTestSupport/jasmine.js:333:19
clearStack@file:///home/jenrose24/kwk-l2-jquery-selectors-lab-kwk-students-l2-la-070918/tmpTestSupport/jasmine.js:506:11
run@file:///home/jenrose24/kwk-l2-jquery-selectors-lab-kwk-students-l2-la-070918/tmpTestSupport/jasmine.js:1505:22
execute@file:///home/jenrose24/kwk-l2-jquery-selectors-lab-kwk-students-l2-la-070918/tmpTestSupport/jasmine.js:1485:13
queueRunnerFactory@file:///home/jenrose24/kwk-l2-jquery-selectors-lab-kwk-students-l2-la-070918/tmpTestSupport/jasmine.js:518:42
execute@file:///home/jenrose24/kwk-l2-jquery-selectors-lab-kwk-students-l2-la-070918/tmpTestSupport/jasmine.js:306:28
file:///home/jenrose24/kwk-l2-jquery-selectors-lab-kwk-students-l2-la-070918/tmpTestSupport/jasmine.js:1708:44
attemptAsync@file:///home/jenrose24/kwk-l2-jquery-selectors-lab-kwk-students-l2-la-070918/tmpTestSupport/jasmine.js:1520:16
run@file:///home/jenrose24/kwk-l2-jquery-selectors-lab-kwk-students-l2-la-070918/tmpTestSupport/jasmine.js:1496:28
next@file:///home/jenrose24/kwk-l2-jquery-selectors-lab-kwk-students-l2-la-070918/tmpTestSupport/jasmine.js:1517:40
complete@file:///home/jenrose24/kwk-l2-jquery-selectors-lab-kwk-students-l2-la-070918/tmpTestSupport/jasmine.js:333:19
clearStack@file:///home/jenrose24/kwk-l2-jquery-selectors-lab-kwk-students-l2-la-070918/tmpTestSupport/jasmine.js:506:11
run@file:///home/jenrose24/kwk-l2-jquery-selectors-lab-kwk-students-l2-la-070918/tmpTestSupport/jasmine.js:1505:22
execute@file:///home/jenrose24/kwk-l2-jquery-selectors-lab-kwk-students-l2-la-070918/tmpTestSupport/jasmine.js:1485:13
queueRunnerFactory@file:///home/jenrose24/kwk-l2-jquery-selectors-lab-kwk-students-l2-la-070918/tmpTestSupport/jasmine.js:518:42
execute@file:///home/jenrose24/kwk-l2-jquery-selectors-lab-kwk-students-l2-la-070918/tmpTestSupport/jasmine.js:306:28
file:///home/jenrose24/kwk-l2-jquery-selectors-lab-kwk-students-l2-la-070918/tmpTestSupport/jasmine.js:1708:44
attemptAsync@file:///home/jenrose24/kwk-l2-jquery-selectors-lab-kwk-students-l2-la-070918/tmpTestSupport/jasmine.js:1520:16
run@file:///home/jenrose24/kwk-l2-jquery-selectors-lab-kwk-students-l2-la-070918/tmpTestSupport/jasmine.js:1496:28
execute@file:///home/jenrose24/kwk-l2-jquery-selectors-lab-kwk-students-l2-la-070918/tmpTestSupport/jasmine.js:1485:13
queueRunnerFactory@file:///home/jenrose24/kwk-l2-jquery-selectors-lab-kwk-students-l2-la-070918/tmpTestSupport/jasmine.js:518:42
execute@file:///home/jenrose24/kwk-l2-jquery-selectors-lab-kwk-students-l2-la-070918/tmpTestSupport/jasmine.js:1694:21
file:///home/jenrose24/kwk-l2-jquery-selectors-lab-kwk-students-l2-la-070918/tmpTestSupport/jasmine.js:1708:44
attemptAsync@file:///home/jenrose24/kwk-l2-jquery-selectors-lab-kwk-students-l2-la-070918/tmpTestSupport/jasmine.js:1520:16
run@file:///home/jenrose24/kwk-l2-jquery-selectors-lab-kwk-students-l2-la-070918/tmpTestSupport/jasmine.js:1496:28
execute@file:///home/jenrose24/kwk-l2-jquery-selectors-lab-kwk-students-l2-la-070918/tmpTestSupport/jasmine.js:1485:13
queueRunnerFactory@file:///home/jenrose24/kwk-l2-jquery-selectors-lab-kwk-students-l2-la-070918/tmpTestSupport/jasmine.js:518:42
execute@file:///home/jenrose24/kwk-l2-jquery-selectors-lab-kwk-students-l2-la-070918/tmpTestSupport/jasmine.js:1694:21
file:///home/jenrose24/kwk-l2-jquery-selectors-lab-kwk-students-l2-la-070918/tmpTestSupport/jasmine.js:541:83
attemptAsync@file:///home/jenrose24/kwk-l2-jquery-selectors-lab-kwk-students-l2-la-070918/tmpTestSupport/jasmine.js:1520:16
run@file:///home/jenrose24/kwk-l2-jquery-selectors-lab-kwk-students-l2-la-070918/tmpTestSupport/jasmine.js:1496:28
execute@file:///home/jenrose24/kwk-l2-jquery-selectors-lab-kwk-students-l2-la-070918/tmpTestSupport/jasmine.js:1485:13
queueRunnerFactory@file:///home/jenrose24/kwk-l2-jquery-selectors-lab-kwk-students-l2-la-070918/tmpTestSupport/jasmine.js:518:42
execute@file:///home/jenrose24/kwk-l2-jquery-selectors-lab-kwk-students-l2-la-070918/tmpTestSupport/jasmine.js:548:25
onload@file:///home/jenrose24/kwk-l2-jquery-selectors-lab-kwk-students-l2-la-070918/tmpTestSupport/boot.js:172:16			</failure>
		</testcase>
		<testcase classname="Selectors" name="#checkboxInputSelector should select all checkbox inputs" time="0.002">
			<failure type="" message="ReferenceError: Can&amp;apos;t find variable: checkboxInputSelector in file:///home/jenrose24/kwk-l2-jquery-selectors-lab-kwk-students-l2-la-070918/spec/selectors_spec.js (line 32)">
file:///home/jenrose24/kwk-l2-jquery-selectors-lab-kwk-students-l2-la-070918/spec/selectors_spec.js:32:33
attemptSync@file:///home/jenrose24/kwk-l2-jquery-selectors-lab-kwk-students-l2-la-070918/tmpTestSupport/jasmine.js:1510:16
run@file:///home/jenrose24/kwk-l2-jquery-selectors-lab-kwk-students-l2-la-070918/tmpTestSupport/jasmine.js:1498:20
execute@file:///home/jenrose24/kwk-l2-jquery-selectors-lab-kwk-students-l2-la-070918/tmpTestSupport/jasmine.js:1485:13
queueRunnerFactory@file:///home/jenrose24/kwk-l2-jquery-selectors-lab-kwk-students-l2-la-070918/tmpTestSupport/jasmine.js:518:42
execute@file:///home/jenrose24/kwk-l2-jquery-selectors-lab-kwk-students-l2-la-070918/tmpTestSupport/jasmine.js:306:28
file:///home/jenrose24/kwk-l2-jquery-selectors-lab-kwk-students-l2-la-070918/tmpTestSupport/jasmine.js:1708:44
attemptAsync@file:///home/jenrose24/kwk-l2-jquery-selectors-lab-kwk-students-l2-la-070918/tmpTestSupport/jasmine.js:1520:16
run@file:///home/jenrose24/kwk-l2-jquery-selectors-lab-kwk-students-l2-la-070918/tmpTestSupport/jasmine.js:1496:28
next@file:///home/jenrose24/kwk-l2-jquery-selectors-lab-kwk-students-l2-la-070918/tmpTestSupport/jasmine.js:1517:40
complete@file:///home/jenrose24/kwk-l2-jquery-selectors-lab-kwk-students-l2-la-070918/tmpTestSupport/jasmine.js:333:19
clearStack@file:///home/jenrose24/kwk-l2-jquery-selectors-lab-kwk-students-l2-la-070918/tmpTestSupport/jasmine.js:506:11
run@file:///home/jenrose24/kwk-l2-jquery-selectors-lab-kwk-students-l2-la-070918/tmpTestSupport/jasmine.js:1505:22
execute@file:///home/jenrose24/kwk-l2-jquery-selectors-lab-kwk-students-l2-la-070918/tmpTestSupport/jasmine.js:1485:13
queueRunnerFactory@file:///home/jenrose24/kwk-l2-jquery-selectors-lab-kwk-students-l2-la-070918/tmpTestSupport/jasmine.js:518:42
execute@file:///home/jenrose24/kwk-l2-jquery-selectors-lab-kwk-students-l2-la-070918/tmpTestSupport/jasmine.js:306:28
file:///home/jenrose24/kwk-l2-jquery-selectors-lab-kwk-students-l2-la-070918/tmpTestSupport/jasmine.js:1708:44
attemptAsync@file:///home/jenrose24/kwk-l2-jquery-selectors-lab-kwk-students-l2-la-070918/tmpTestSupport/jasmine.js:1520:16
run@file:///home/jenrose24/kwk-l2-jquery-selectors-lab-kwk-students-l2-la-070918/tmpTestSupport/jasmine.js:1496:28
next@file:///home/jenrose24/kwk-l2-jquery-selectors-lab-kwk-students-l2-la-070918/tmpTestSupport/jasmine.js:1517:40
complete@file:///home/jenrose24/kwk-l2-jquery-selectors-lab-kwk-students-l2-la-070918/tmpTestSupport/jasmine.js:333:19
clearStack@file:///home/jenrose24/kwk-l2-jquery-selectors-lab-kwk-students-l2-la-070918/tmpTestSupport/jasmine.js:506:11
run@file:///home/jenrose24/kwk-l2-jquery-selectors-lab-kwk-students-l2-la-070918/tmpTestSupport/jasmine.js:1505:22
execute@file:///home/jenrose24/kwk-l2-jquery-selectors-lab-kwk-students-l2-la-070918/tmpTestSupport/jasmine.js:1485:13
queueRunnerFactory@file:///home/jenrose24/kwk-l2-jquery-selectors-lab-kwk-students-l2-la-070918/tmpTestSupport/jasmine.js:518:42
execute@file:///home/jenrose24/kwk-l2-jquery-selectors-lab-kwk-students-l2-la-070918/tmpTestSupport/jasmine.js:306:28
file:///home/jenrose24/kwk-l2-jquery-selectors-lab-kwk-students-l2-la-070918/tmpTestSupport/jasmine.js:1708:44
attemptAsync@file:///home/jenrose24/kwk-l2-jquery-selectors-lab-kwk-students-l2-la-070918/tmpTestSupport/jasmine.js:1520:16
run@file:///home/jenrose24/kwk-l2-jquery-selectors-lab-kwk-students-l2-la-070918/tmpTestSupport/jasmine.js:1496:28
next@file:///home/jenrose24/kwk-l2-jquery-selectors-lab-kwk-students-l2-la-070918/tmpTestSupport/jasmine.js:1517:40
complete@file:///home/jenrose24/kwk-l2-jquery-selectors-lab-kwk-students-l2-la-070918/tmpTestSupport/jasmine.js:333:19
clearStack@file:///home/jenrose24/kwk-l2-jquery-selectors-lab-kwk-students-l2-la-070918/tmpTestSupport/jasmine.js:506:11
run@file:///home/jenrose24/kwk-l2-jquery-selectors-lab-kwk-students-l2-la-070918/tmpTestSupport/jasmine.js:1505:22
execute@file:///home/jenrose24/kwk-l2-jquery-selectors-lab-kwk-students-l2-la-070918/tmpTestSupport/jasmine.js:1485:13
queueRunnerFactory@file:///home/jenrose24/kwk-l2-jquery-selectors-lab-kwk-students-l2-la-070918/tmpTestSupport/jasmine.js:518:42
execute@file:///home/jenrose24/kwk-l2-jquery-selectors-lab-kwk-students-l2-la-070918/tmpTestSupport/jasmine.js:306:28
file:///home/jenrose24/kwk-l2-jquery-selectors-lab-kwk-students-l2-la-070918/tmpTestSupport/jasmine.js:1708:44
attemptAsync@file:///home/jenrose24/kwk-l2-jquery-selectors-lab-kwk-students-l2-la-070918/tmpTestSupport/jasmine.js:1520:16
run@file:///home/jenrose24/kwk-l2-jquery-selectors-lab-kwk-students-l2-la-070918/tmpTestSupport/jasmine.js:1496:28
next@file:///home/jenrose24/kwk-l2-jquery-selectors-lab-kwk-students-l2-la-070918/tmpTestSupport/jasmine.js:1517:40
complete@file:///home/jenrose24/kwk-l2-jquery-selectors-lab-kwk-students-l2-la-070918/tmpTestSupport/jasmine.js:333:19
clearStack@file:///home/jenrose24/kwk-l2-jquery-selectors-lab-kwk-students-l2-la-070918/tmpTestSupport/jasmine.js:506:11
run@file:///home/jenrose24/kwk-l2-jquery-selectors-lab-kwk-students-l2-la-070918/tmpTestSupport/jasmine.js:1505:22
execute@file:///home/jenrose24/kwk-l2-jquery-selectors-lab-kwk-students-l2-la-070918/tmpTestSupport/jasmine.js:1485:13
queueRunnerFactory@file:///home/jenrose24/kwk-l2-jquery-selectors-lab-kwk-students-l2-la-070918/tmpTestSupport/jasmine.js:518:42
execute@file:///home/jenrose24/kwk-l2-jquery-selectors-lab-kwk-students-l2-la-070918/tmpTestSupport/jasmine.js:306:28
file:///home/jenrose24/kwk-l2-jquery-selectors-lab-kwk-students-l2-la-070918/tmpTestSupport/jasmine.js:1708:44
attemptAsync@file:///home/jenrose24/kwk-l2-jquery-selectors-lab-kwk-students-l2-la-070918/tmpTestSupport/jasmine.js:1520:16
run@file:///home/jenrose24/kwk-l2-jquery-selectors-lab-kwk-students-l2-la-070918/tmpTestSupport/jasmine.js:1496:28
execute@file:///home/jenrose24/kwk-l2-jquery-selectors-lab-kwk-students-l2-la-070918/tmpTestSupport/jasmine.js:1485:13
queueRunnerFactory@file:///home/jenrose24/kwk-l2-jquery-selectors-lab-kwk-students-l2-la-070918/tmpTestSupport/jasmine.js:518:42
execute@file:///home/jenrose24/kwk-l2-jquery-selectors-lab-kwk-students-l2-la-070918/tmpTestSupport/jasmine.js:1694:21
file:///home/jenrose24/kwk-l2-jquery-selectors-lab-kwk-students-l2-la-070918/tmpTestSupport/jasmine.js:1708:44
attemptAsync@file:///home/jenrose24/kwk-l2-jquery-selectors-lab-kwk-students-l2-la-070918/tmpTestSupport/jasmine.js:1520:16
run@file:///home/jenrose24/kwk-l2-jquery-selectors-lab-kwk-students-l2-la-070918/tmpTestSupport/jasmine.js:1496:28
execute@file:///home/jenrose24/kwk-l2-jquery-selectors-lab-kwk-students-l2-la-070918/tmpTestSupport/jasmine.js:1485:13
queueRunnerFactory@file:///home/jenrose24/kwk-l2-jquery-selectors-lab-kwk-students-l2-la-070918/tmpTestSupport/jasmine.js:518:42
execute@file:///home/jenrose24/kwk-l2-jquery-selectors-lab-kwk-students-l2-la-070918/tmpTestSupport/jasmine.js:1694:21
file:///home/jenrose24/kwk-l2-jquery-selectors-lab-kwk-students-l2-la-070918/tmpTestSupport/jasmine.js:541:83
attemptAsync@file:///home/jenrose24/kwk-l2-jquery-selectors-lab-kwk-students-l2-la-070918/tmpTestSupport/jasmine.js:1520:16
run@file:///home/jenrose24/kwk-l2-jquery-selectors-lab-kwk-students-l2-la-070918/tmpTestSupport/jasmine.js:1496:28
execute@file:///home/jenrose24/kwk-l2-jquery-selectors-lab-kwk-students-l2-la-070918/tmpTestSupport/jasmine.js:1485:13
queueRunnerFactory@file:///home/jenrose24/kwk-l2-jquery-selectors-lab-kwk-students-l2-la-070918/tmpTestSupport/jasmine.js:518:42
execute@file:///home/jenrose24/kwk-l2-jquery-selectors-lab-kwk-students-l2-la-070918/tmpTestSupport/jasmine.js:548:25
onload@file:///home/jenrose24/kwk-l2-jquery-selectors-lab-kwk-students-l2-la-070918/tmpTestSupport/boot.js:172:16			</failure>
		</testcase>
	</testsuite>
</testsuites>

